{"logTime": "1104/024049", "correlationVector":"JqD+Vldu+s7qVbP5pIwSrB.1","action":"SyncServerConnectionManagerRequest", "result":"SYNC_SERVER_OK", "context":{"environment":"Prod_southeastasia_prod-s01-064-apac-southeastasia", "migrationStage":"NotStarted", "server":"akswtt106000009"}}
{"logTime": "1104/024049", "correlationVector":"JqD+Vldu+s7qVbP5pIwSrB.2","action":"ProcessGetUpdates", "result":"Done", "context":{"dataType":"Encryption Keys", "deleted":"0", "process_failed_to_decrypt":"0", "process_pending_decryption":"0", "process_success":"1", "total":"1"}}
{"logTime": "1104/024052", "correlationVector":"","action":"SyncServerConnectionManagerRequest", "result":"CONNECTION_UNAVAILABLE", "context":{"error_type":"net_error_code", "error_value":"-3"}}
{"logTime": "1104/025121", "correlationVector":"fJ8rJnL2Xv2l4Sfo0Ftxru.1","action":"SyncServerConnectionManagerRequest", "result":"SYNC_SERVER_OK", "context":{"environment":"Prod_southeastasia_prod-s01-064-apac-southeastasia", "migrationStage":"NotStarted", "server":"akswtt10600001h"}}
{"logTime": "1104/025121", "correlationVector":"fJ8rJnL2Xv2l4Sfo0Ftxru.2","action":"ProcessGetUpdates", "result":"Done", "context":{"dataType":"Encryption Keys", "deleted":"0", "process_failed_to_decrypt":"0", "process_pending_decryption":"0", "process_success":"1", "total":"1"}}
{"logTime": "1104/025122", "correlationVector":"fJ8rJnL2Xv2l4Sfo0Ftxru","action":"Initial GetUpdates", "result":"", "context":Reason: NEW_CLIENT. cV=fJ8rJnL2Xv2l4Sfo0Ftxru}
{"logTime": "1104/025122", "correlationVector":"fJ8rJnL2Xv2l4Sfo0Ftxru.3","action":"GetUpdates Response", "result":"Success", "context":Received 1 update(s). cV=fJ8rJnL2Xv2l4Sfo0Ftxru.0;server=akswtt10600001h;cloudType=Consumer;environment=Prod_southeastasia_prod-s01-064-apac-southeastasia;migrationStage=NotStarted}
{"logTime": "1104/025122", "correlationVector":"/o39X7otXfk6rX1H8QZYIS","action":"Initial GetUpdates", "result":"", "context":Reason: NEWLY_SUPPORTED_DATATYPE. cV=/o39X7otXfk6rX1H8QZYIS}
{"logTime": "1104/025123", "correlationVector":"/o39X7otXfk6rX1H8QZYIS.1","action":"SyncServerConnectionManagerRequest", "result":"SYNC_SERVER_OK", "context":{"environment":"Prod_southeastasia_prod-s01-064-apac-southeastasia", "migrationStage":"NotStarted", "server":"akswtt10600000f"}}
{"logTime": "1104/025123", "correlationVector":"/o39X7otXfk6rX1H8QZYIS.2","action":"ProcessGetUpdates", "result":"Done", "context":{"dataType":"Preferences", "deleted":"0", "process_failed_to_decrypt":"0", "process_pending_decryption":"0", "process_success":"28", "total":"28"}}
{"logTime": "1104/025123", "correlationVector":"/o39X7otXfk6rX1H8QZYIS.3","action":"ProcessGetUpdates", "result":"Done", "context":{"dataType":"Device Info", "deleted":"0", "process_failed_to_decrypt":"0", "process_pending_decryption":"0", "process_success":"21", "total":"21"}}
{"logTime": "1104/025123", "correlationVector":"/o39X7otXfk6rX1H8QZYIS.4","action":"GetUpdates Response", "result":"Success", "context":Received 49 update(s). cV=/o39X7otXfk6rX1H8QZYIS.0;server=akswtt10600000f;cloudType=Consumer;environment=Prod_southeastasia_prod-s01-064-apac-southeastasia;migrationStage=NotStarted}
{"logTime": "1104/025123", "correlationVector":"3Xm5/JrWlfPjuk5TNerHNi","action":"Initial GetUpdates", "result":"", "context":Reason: NEWLY_SUPPORTED_DATATYPE. cV=3Xm5/JrWlfPjuk5TNerHNi}
{"logTime": "1104/025124", "correlationVector":"3Xm5/JrWlfPjuk5TNerHNi.1","action":"SyncServerConnectionManagerRequest", "result":"SYNC_SERVER_OK", "context":{"environment":"Prod_southeastasia_prod-s01-064-apac-southeastasia", "migrationStage":"NotStarted", "server":"akswtt10600000h"}}
{"logTime": "1104/025124", "correlationVector":"3Xm5/JrWlfPjuk5TNerHNi.2","action":"ProcessGetUpdates", "result":"Done", "context":{"dataType":"Bookmarks", "deleted":"0", "process_failed_to_decrypt":"0", "process_pending_decryption":"0", "process_success":"28", "total":"28"}}
{"logTime": "1104/025124", "correlationVector":"3Xm5/JrWlfPjuk5TNerHNi.3","action":"GetUpdates Response", "result":"Success", "context":Received 28 update(s). cV=3Xm5/JrWlfPjuk5TNerHNi.0;server=akswtt10600000h;cloudType=Consumer;environment=Prod_southeastasia_prod-s01-064-apac-southeastasia;migrationStage=NotStarted}
{"logTime": "1104/025124", "correlationVector":"2OOaZbbbi4u/K1jhobvC1o","action":"Initial GetUpdates", "result":"", "context":Reason: NEWLY_SUPPORTED_DATATYPE. cV=2OOaZbbbi4u/K1jhobvC1o}
{"logTime": "1104/025146", "correlationVector":"2OOaZbbbi4u/K1jhobvC1o.1","action":"SyncServerConnectionManagerRequest", "result":"SYNC_SERVER_OK", "context":{"environment":"Prod_southeastasia_prod-s01-064-apac-southeastasia", "migrationStage":"NotStarted", "server":"akswtt106000000"}}
{"logTime": "1104/025146", "correlationVector":"2OOaZbbbi4u/K1jhobvC1o.2","action":"GetUpdates Response", "result":"Success", "context":Received 0 update(s). cV=2OOaZbbbi4u/K1jhobvC1o.0;server=akswtt106000000;cloudType=Consumer;environment=Prod_southeastasia_prod-s01-064-apac-southeastasia;migrationStage=NotStarted}
{"logTime": "1104/025146", "correlationVector":"tRrHYsoVnx3HuPCoaL2VHU","action":"Initial GetUpdates", "result":"", "context":Reason: NEWLY_SUPPORTED_DATATYPE. cV=tRrHYsoVnx3HuPCoaL2VHU}
{"logTime": "1104/025147", "correlationVector":"tRrHYsoVnx3HuPCoaL2VHU.1","action":"SyncServerConnectionManagerRequest", "result":"SYNC_SERVER_OK", "context":{"environment":"Prod_southeastasia_prod-s01-065-apac-southeastasia", "migrationStage":"NotStarted", "server":"akswtt10600001k"}}
{"logTime": "1104/025147", "correlationVector":"tRrHYsoVnx3HuPCoaL2VHU.2","action":"GetUpdates Response", "result":"Success", "context":Received 0 update(s). cV=tRrHYsoVnx3HuPCoaL2VHU.0;server=akswtt10600001k;cloudType=Consumer;environment=Prod_southeastasia_prod-s01-065-apac-southeastasia;migrationStage=NotStarted}
{"logTime": "1104/025147", "correlationVector":"T8aYrwFJsymO3cwh2ldaoC","action":"Normal GetUpdate request", "result":"", "context":cV=T8aYrwFJsymO3cwh2ldaoC
Nudged types: Bookmarks, Sessions, Device Info, User Consents
Refresh requested types: Bookmarks, Preferences, Extensions, Sessions, Extension settings, History Delete Directives, Device Info, User Consents, Send Tab To Self, Web Apps, History, Saved Tab Group, WebAuthn Credentials, Collection, Edge E Drop, Edge Hub App Usage, Edge Wallet, Encryption Keys}
{"logTime": "1104/025220", "correlationVector":"T8aYrwFJsymO3cwh2ldaoC.1","action":"SyncServerConnectionManagerRequest", "result":"SYNC_SERVER_OK", "context":{"environment":"Prod_southeastasia_prod-s01-064-apac-southeastasia", "migrationStage":"NotStarted", "server":"akswtt106000011"}}
{"logTime": "1104/025220", "correlationVector":"T8aYrwFJsymO3cwh2ldaoC.2","action":"GetUpdates Response", "result":"Success", "context":Received 0 update(s). cV=T8aYrwFJsymO3cwh2ldaoC.0;server=akswtt106000011;cloudType=Consumer;environment=Prod_southeastasia_prod-s01-064-apac-southeastasia;migrationStage=NotStarted}
{"logTime": "1104/025220", "correlationVector":"hTAvCM+8VEbp9hgccGMhWz","action":"Commit Request", "result":"", "context":Item count: 6
Contributing types: Bookmarks, Sessions, Device Info, User Consents}
{"logTime": "1104/025238", "correlationVector":"hTAvCM+8VEbp9hgccGMhWz.1","action":"SyncServerConnectionManagerRequest", "result":"SYNC_SERVER_OK", "context":{"environment":"Prod_southeastasia_prod-s01-065-apac-southeastasia", "migrationStage":"NotStarted", "server":"akswtt10600000o"}}
{"logTime": "1104/025238", "correlationVector":"hTAvCM+8VEbp9hgccGMhWz.2","action":"Commit Response", "result":"Success", "context":Result: Success. cV=hTAvCM+8VEbp9hgccGMhWz.0;server=akswtt10600000o;cloudType=Consumer;environment=Prod_southeastasia_prod-s01-065-apac-southeastasia;migrationStage=NotStarted}
{"logTime": "1104/025239", "correlationVector":"UySnowvV23GN2ElduPJ/Sn","action":"Normal GetUpdate request", "result":"", "context":cV=UySnowvV23GN2ElduPJ/Sn
Nudged types: Sessions, Device Info
Refresh requested types: Encryption Keys}
{"logTime": "1104/025240", "correlationVector":"UySnowvV23GN2ElduPJ/Sn.1","action":"SyncServerConnectionManagerRequest", "result":"SYNC_SERVER_OK", "context":{"environment":"Prod_southeastasia_prod-s01-065-apac-southeastasia", "migrationStage":"NotStarted", "server":"akswtt10600001b"}}
{"logTime": "1104/025240", "correlationVector":"UySnowvV23GN2ElduPJ/Sn.2","action":"ProcessGetUpdates", "result":"Done", "context":{"dataType":"Bookmarks", "deleted":"0", "process_failed_to_decrypt":"0", "process_pending_decryption":"0", "process_success":"1", "total":"1"}}
{"logTime": "1104/025240", "correlationVector":"UySnowvV23GN2ElduPJ/Sn.3","action":"ProcessGetUpdates", "result":"Done", "context":{"dataType":"Sessions", "deleted":"0", "process_failed_to_decrypt":"0", "process_pending_decryption":"0", "process_success":"2", "total":"2"}}
{"logTime": "1104/025240", "correlationVector":"UySnowvV23GN2ElduPJ/Sn.4","action":"ProcessGetUpdates", "result":"Done", "context":{"dataType":"Device Info", "deleted":"0", "process_failed_to_decrypt":"0", "process_pending_decryption":"0", "process_success":"1", "total":"1"}}
{"logTime": "1104/025240", "correlationVector":"UySnowvV23GN2ElduPJ/Sn.5","action":"GetUpdates Response", "result":"Success", "context":Received 4 update(s). cV=UySnowvV23GN2ElduPJ/Sn.0;server=akswtt10600001b;cloudType=Consumer;environment=Prod_southeastasia_prod-s01-065-apac-southeastasia;migrationStage=NotStarted}
{"logTime": "1104/025241", "correlationVector":"jN/ASuxoB6ywuu/wMYGuD2","action":"DoCompareDataConsistency requsted types: ", "result":"Bookmarks, Preferences, Extensions, Extension settings, History Delete Directives, Send Tab To Self, Web Apps, History, Saved Tab Group, WebAuthn Credentials, Collection, Edge E Drop, Edge Wallet, Encryption Keys"}
{"logTime": "1104/025241", "correlationVector":"jN/ASuxoB6ywuu/wMYGuD2.0","action":"CompareDataConsistency result: ", "result":"Compare result: Encryption Keys is consistent. local entities count is: 1 local entities hash is: zC03HGpSNGWRssViVGU969BTjPU="}
{"logTime": "1104/025241", "correlationVector":"jN/ASuxoB6ywuu/wMYGuD2.1","action":"CompareDataConsistency result: ", "result":"Compare result: Bookmarks is consistent. local entities count is: 23 local entities hash is: aSvIrVcY6321BWvz9SU05TEWBB4="}
{"logTime": "1104/025241", "correlationVector":"jN/ASuxoB6ywuu/wMYGuD2.2","action":"CompareDataConsistency result: ", "result":"Compare result: Preferences is consistent. local entities count is: 28 local entities hash is: MgEdH4GwXAcLC/6AKh9qwEFeWAk="}
{"logTime": "1104/025241", "correlationVector":"jN/ASuxoB6ywuu/wMYGuD2.3","action":"CompareDataConsistency result: ", "result":"Compare result: Extensions is consistent. local entities count is: 0 local entities hash is: "}
{"logTime": "1104/025241", "correlationVector":"jN/ASuxoB6ywuu/wMYGuD2.4","action":"CompareDataConsistency result: ", "result":"Compare result: Extension settings is consistent. local entities count is: 0 local entities hash is: "}
{"logTime": "1104/025241", "correlationVector":"jN/ASuxoB6ywuu/wMYGuD2.5","action":"CompareDataConsistency result: ", "result":"Compare result: History Delete Directives is consistent. local entities count is: 0 local entities hash is: "}
{"logTime": "1104/025241", "correlationVector":"jN/ASuxoB6ywuu/wMYGuD2.6","action":"CompareDataConsistency result: ", "result":"Server did not send this Send Tab To Self local entities count is: 0 local entities hash is: "}
{"logTime": "1104/025241", "correlationVector":"jN/ASuxoB6ywuu/wMYGuD2.7","action":"CompareDataConsistency result: ", "result":"Compare result: Web Apps is consistent. local entities count is: 0 local entities hash is: "}
{"logTime": "1104/025241", "correlationVector":"jN/ASuxoB6ywuu/wMYGuD2.8","action":"CompareDataConsistency result: ", "result":"Server did not send this History local entities count is: 0 local entities hash is: "}
{"logTime": "1104/025241", "correlationVector":"jN/ASuxoB6ywuu/wMYGuD2.9","action":"CompareDataConsistency result: ", "result":"Compare result: Saved Tab Group is consistent. local entities count is: 0 local entities hash is: "}
{"logTime": "1104/025241", "correlationVector":"jN/ASuxoB6ywuu/wMYGuD2.10","action":"CompareDataConsistency result: ", "result":"Server did not send this WebAuthn Credentials local entities count is: 0 local entities hash is: "}
{"logTime": "1104/025241", "correlationVector":"jN/ASuxoB6ywuu/wMYGuD2.11","action":"CompareDataConsistency result: ", "result":"Compare result: Collection is consistent. local entities count is: 0 local entities hash is: "}
{"logTime": "1104/025241", "correlationVector":"jN/ASuxoB6ywuu/wMYGuD2.12","action":"CompareDataConsistency result: ", "result":"Compare result: Edge E Drop is consistent. local entities count is: 0 local entities hash is: "}
{"logTime": "1104/025241", "correlationVector":"jN/ASuxoB6ywuu/wMYGuD2.13","action":"CompareDataConsistency result: ", "result":"Compare result: Edge Wallet is consistent. local entities count is: 0 local entities hash is: "}
{"logTime": "1104/025242", "correlationVector":"jN/ASuxoB6ywuu/wMYGuD2.13","action":"SyncServerConnectionManagerRequest", "result":"CONNECTION_UNAVAILABLE", "context":{"error_type":"net_error_code", "error_value":"-3"}}
{"logTime": "1104/033023", "correlationVector":"quZeg5yYvi/nwgEfwwsx1o.1","action":"SyncServerConnectionManagerRequest", "result":"SYNC_SERVER_OK", "context":{"environment":"Prod_japaneast_prod-s01-061-apac-japaneast", "migrationStage":"NotStarted", "server":"akswtt106000015"}}
{"logTime": "1104/033023", "correlationVector":"quZeg5yYvi/nwgEfwwsx1o.2","action":"ProcessGetUpdates", "result":"Done", "context":{"dataType":"Encryption Keys", "deleted":"0", "process_failed_to_decrypt":"0", "process_pending_decryption":"0", "process_success":"1", "total":"1"}}
{"logTime": "1104/033032", "correlationVector":"mN3GlkjCfBSrCsz9ZLTxIA","action":"SyncServerConnectionManagerRequest", "result":"SYNC_SERVER_OK", "context":{"environment":"", "migrationStage":"", "server":""}}
{"logTime": "1104/033032", "correlationVector":"mN3GlkjCfBSrCsz9ZLTxIA.0","action":"EncryptionKeysFetcher.DownloadKeys:", "result":"Success", "context":Key count: 2, Last key timestamp: 2025-11-04T03:30:27Z}
{"logTime": "1104/033032", "correlationVector":"mN3GlkjCfBSrCsz9ZLTxIA.1","action":"EncryptionKeysManager::SetEncryptionKeys:", "result":"Success", "context":Key names[2]:[TkA5ckn2guZlm0qsTNI1gz0Aj8zJEBvmkKJ/vHTVhHtkJ0QkKsSxUlj39o6sJqQRngECDJX7rzTMYihTDd8RAQ==][O+6YhW86XWjMc9r3eAvsaRZlsY38EzQF3ALEtfpzSkf8KXrU8tCww6UDN/UFezG2w9JoM8041CKc12zPghvhog==]}
{"logTime": "1104/033032", "correlationVector":"mN3GlkjCfBSrCsz9ZLTxIA.2","action":"EncryptionKeysManager::SetEncryptionKeysWithTimestamps:", "result":"Success", "context":Key timestamps[2]:[2024-11-05T11:22:34Z][2025-11-04T03:30:27Z]}
{"logTime": "1104/033032", "correlationVector":"quZeg5yYvi/nwgEfwwsx1o","action":"Initial GetUpdates", "result":"", "context":Reason: NEW_CLIENT. cV=quZeg5yYvi/nwgEfwwsx1o}
{"logTime": "1104/033032", "correlationVector":"quZeg5yYvi/nwgEfwwsx1o.3","action":"GetUpdates Response", "result":"Success", "context":Received 1 update(s). cV=quZeg5yYvi/nwgEfwwsx1o.0;server=akswtt106000015;cloudType=Consumer;environment=Prod_japaneast_prod-s01-061-apac-japaneast;migrationStage=NotStarted}
{"logTime": "1104/033032", "correlationVector":"inVWaQ87q6P17Q5sISk9Bx","action":"Initial GetUpdates", "result":"", "context":Reason: NEWLY_SUPPORTED_DATATYPE. cV=inVWaQ87q6P17Q5sISk9Bx}
{"logTime": "1104/033033", "correlationVector":"inVWaQ87q6P17Q5sISk9Bx.1","action":"SyncServerConnectionManagerRequest", "result":"SYNC_SERVER_OK", "context":{"environment":"Prod_japaneast_prod-s01-061-apac-japaneast", "migrationStage":"NotStarted", "server":"akswtt106000008"}}
{"logTime": "1104/033033", "correlationVector":"inVWaQ87q6P17Q5sISk9Bx.2","action":"ProcessGetUpdates", "result":"Done", "context":{"dataType":"Passwords", "deleted":"0", "process_failed_to_decrypt":"0", "process_pending_decryption":"0", "process_success":"1", "total":"1"}}
{"logTime": "1104/033033", "correlationVector":"inVWaQ87q6P17Q5sISk9Bx.3","action":"GetUpdates Response", "result":"Success", "context":Received 1 update(s). cV=inVWaQ87q6P17Q5sISk9Bx.0;server=akswtt106000008;cloudType=Consumer;environment=Prod_japaneast_prod-s01-061-apac-japaneast;migrationStage=NotStarted}
{"logTime": "1104/033033", "correlationVector":"mghqjdxdclLhHzDSnK9/ad","action":"Initial GetUpdates", "result":"", "context":Reason: NEWLY_SUPPORTED_DATATYPE. cV=mghqjdxdclLhHzDSnK9/ad}
{"logTime": "1104/033033", "correlationVector":"mghqjdxdclLhHzDSnK9/ad.1","action":"SyncServerConnectionManagerRequest", "result":"SYNC_SERVER_OK", "context":{"environment":"Prod_japaneast_prod-s01-061-apac-japaneast", "migrationStage":"NotStarted", "server":"akswtt106000016"}}
{"logTime": "1104/033033", "correlationVector":"mghqjdxdclLhHzDSnK9/ad.2","action":"ProcessGetUpdates", "result":"Done", "context":{"dataType":"Autofill", "deleted":"0", "process_failed_to_decrypt":"0", "process_pending_decryption":"0", "process_success":"1", "total":"1"}}
{"logTime": "1104/033033", "correlationVector":"mghqjdxdclLhHzDSnK9/ad.3","action":"GetUpdates Response", "result":"Success", "context":Received 1 update(s). cV=mghqjdxdclLhHzDSnK9/ad.0;server=akswtt106000016;cloudType=Consumer;environment=Prod_japaneast_prod-s01-061-apac-japaneast;migrationStage=NotStarted}
{"logTime": "1104/033033", "correlationVector":"/xYgfOV6ReoAK33hnnVsFT","action":"Normal GetUpdate request", "result":"", "context":cV=/xYgfOV6ReoAK33hnnVsFT
Nudged types: Sessions, History, Encryption Keys
Refresh requested types: Bookmarks, Preferences, Passwords, Autofill Profiles, Autofill, Extensions, Sessions, Extension settings, History Delete Directives, Device Info, User Consents, Send Tab To Self, Web Apps, History, Saved Tab Group, WebAuthn Credentials, Collection, Edge E Drop, Edge Hub App Usage, Edge Wallet, Encryption Keys}
{"logTime": "1104/033033", "correlationVector":"/xYgfOV6ReoAK33hnnVsFT.1","action":"SyncServerConnectionManagerRequest", "result":"SYNC_SERVER_OK", "context":{"environment":"Prod_japaneast_prod-s01-061-apac-japaneast", "migrationStage":"NotStarted", "server":"akswtt10600000j"}}
{"logTime": "1104/033033", "correlationVector":"/xYgfOV6ReoAK33hnnVsFT.2","action":"GetUpdates Response", "result":"Success", "context":Received 0 update(s). cV=/xYgfOV6ReoAK33hnnVsFT.0;server=akswtt10600000j;cloudType=Consumer;environment=Prod_japaneast_prod-s01-061-apac-japaneast;migrationStage=NotStarted}
{"logTime": "1104/033033", "correlationVector":"bVtwZ6iO2aDfXb4KTAB2rV","action":"Commit Request", "result":"", "context":Item count: 1
Contributing types: Encryption Keys}
{"logTime": "1104/033034", "correlationVector":"bVtwZ6iO2aDfXb4KTAB2rV.1","action":"SyncServerConnectionManagerRequest", "result":"SYNC_SERVER_OK", "context":{"environment":"Prod_japaneast_prod-s01-061-apac-japaneast", "migrationStage":"NotStarted", "server":"akswtt10600001z"}}
{"logTime": "1104/033034", "correlationVector":"bVtwZ6iO2aDfXb4KTAB2rV.2","action":"Commit Response", "result":"Success", "context":Result: Success. cV=bVtwZ6iO2aDfXb4KTAB2rV.0;server=akswtt10600001z;cloudType=Consumer;environment=Prod_japaneast_prod-s01-061-apac-japaneast;migrationStage=NotStarted}
{"logTime": "1104/033034", "correlationVector":"Gxg04PKIV7BB+9u2QnxJfL","action":"Commit Request", "result":"", "context":Item count: 8
Contributing types: Passwords, Sessions, History}
{"logTime": "1104/033034", "correlationVector":"Gxg04PKIV7BB+9u2QnxJfL.1","action":"SyncServerConnectionManagerRequest", "result":"SYNC_SERVER_OK", "context":{"environment":"Prod_japaneast_prod-s01-061-apac-japaneast", "migrationStage":"NotStarted", "server":"akswtt106000012"}}
{"logTime": "1104/033034", "correlationVector":"Gxg04PKIV7BB+9u2QnxJfL.2","action":"Commit Response", "result":"Success", "context":Result: Success. cV=Gxg04PKIV7BB+9u2QnxJfL.0;server=akswtt106000012;cloudType=Consumer;environment=Prod_japaneast_prod-s01-061-apac-japaneast;migrationStage=NotStarted}
