2025-11-04 02:39:24.440: [INFO][Sync] Reset engine, reason: 8
2025-11-04 02:39:24.440: [INFO][Sync] Stopped: Bookmarks
2025-11-04 02:39:24.440: [INFO][Sync] Stopped: Preferences
2025-11-04 02:39:24.441: [INFO][Sync] Stopped: Passwords
2025-11-04 02:39:24.441: [INFO][Sync] Stopped: Autofill Profiles
2025-11-04 02:39:24.441: [INFO][Sync] Stopped: Autofill
2025-11-04 02:39:24.441: [INFO][Sync] Stopped: Extensions
2025-11-04 02:39:24.441: [INFO][Sync] Stopped: Sessions
2025-11-04 02:39:24.441: [INFO][Sync] Stopped: Extension settings
2025-11-04 02:39:24.441: [INFO][Sync] Stopped: History Delete Directives
2025-11-04 02:39:24.441: [INFO][Sync] Stopped: Device Info
2025-11-04 02:39:24.441: [INFO][Sync] Stopped: User Consents
2025-11-04 02:39:24.441: [INFO][Sync] Stopped: Send Tab To Self
2025-11-04 02:39:24.441: [INFO][Sync] Stopped: Web Apps
2025-11-04 02:39:24.441: [INFO][Sync] Stopped: History
2025-11-04 02:39:24.441: [INFO][Sync] Stopped: Saved Tab Group
2025-11-04 02:39:24.441: [INFO][Sync] Stopped: WebAuthn Credentials
2025-11-04 02:39:24.441: [INFO][Sync] Stopped: Collection
2025-11-04 02:39:24.441: [INFO][Sync] Stopped: Edge E Drop
2025-11-04 02:39:24.441: [INFO][Sync] Stopped: Edge Hub App Usage
2025-11-04 02:39:24.441: [INFO][Sync] Stopped: Edge Wallet
2025-11-04 02:39:24.441: [INFO][Sync] SyncState after authenticated was: NotSignedIn
2025-11-04 02:39:24.697: [INFO][Sync] Reset engine, reason: 8
2025-11-04 02:39:24.697: [INFO][Sync] Stopped: Bookmarks
2025-11-04 02:39:24.697: [INFO][Sync] Stopped: Preferences
2025-11-04 02:39:24.697: [INFO][Sync] Stopped: Passwords
2025-11-04 02:39:24.697: [INFO][Sync] Stopped: Autofill Profiles
2025-11-04 02:39:24.697: [INFO][Sync] Stopped: Autofill
2025-11-04 02:39:24.697: [INFO][Sync] Stopped: Extensions
2025-11-04 02:39:24.697: [INFO][Sync] Stopped: Sessions
2025-11-04 02:39:24.697: [INFO][Sync] Stopped: Extension settings
2025-11-04 02:39:24.697: [INFO][Sync] Stopped: History Delete Directives
2025-11-04 02:39:24.697: [INFO][Sync] Stopped: Device Info
2025-11-04 02:39:24.697: [INFO][Sync] Stopped: User Consents
2025-11-04 02:39:24.697: [INFO][Sync] Stopped: Send Tab To Self
2025-11-04 02:39:24.697: [INFO][Sync] Stopped: Web Apps
2025-11-04 02:39:24.697: [INFO][Sync] Stopped: History
2025-11-04 02:39:24.697: [INFO][Sync] Stopped: Saved Tab Group
2025-11-04 02:39:24.697: [INFO][Sync] Stopped: WebAuthn Credentials
2025-11-04 02:39:24.697: [INFO][Sync] Stopped: Collection
2025-11-04 02:39:24.697: [INFO][Sync] Stopped: Edge E Drop
2025-11-04 02:39:24.697: [INFO][Sync] Stopped: Edge Hub App Usage
2025-11-04 02:39:24.697: [INFO][Sync] Stopped: Edge Wallet
2025-11-04 02:40:16.475: [INFO][Sync] Try to start sync engine
2025-11-04 02:40:16.476: [INFO][SyncManagerImpl::NudgeForInitialDownload] Initial download nudge for Encryption Keys
2025-11-04 02:40:16.476: [INFO][SyncEngineBackend::LoadAndConnectNigoriController] Load and connect Nigori controller
2025-11-04 02:40:16.476: [INFO][SyncEngineBackend::DoInitialize] Control Types added: Encryption Keys
2025-11-04 02:40:16.476: [INFO][SyncManagerImpl::ConfigureSyncer] Types to download: Encryption Keys with reason: 3
2025-11-04 02:40:16.477: [INFO][SyncSchedulerImpl::DoConfigurationSyncCycleJob] Configure job was blocked
2025-11-04 02:40:16.529: [INFO][SyncAuthManager::SetLastAuthError] Current auth error: None
2025-11-04 02:40:16.529: [INFO][SyncAuthManager::EdgeLogTokenErrorState] Token error with: None for account type: MSA
2025-11-04 02:40:16.529: [INFO][Sync] Credentials changed for: EdgeSyncScopeNew
2025-11-04 02:40:18.131: [INFO][SyncAuthManager::SetLastAuthError] Current auth error: None
2025-11-04 02:40:18.131: [INFO][SyncAuthManager::EdgeLogTokenErrorState] Token error with: None for account type: MSA
2025-11-04 02:40:18.131: [INFO][Sync] Credentials changed for: EdgeSyncKeyDataScope
2025-11-04 02:40:18.131: [INFO][SyncEngineBackend::DoUpdateKeyDataCredentials] Update key data credentials
2025-11-04 02:40:18.131: [INFO][SyncEngineBackend::DoUpdateCredentials] Update credentials
2025-11-04 02:40:18.131: [INFO][SyncSchedulerImpl::DoConfigurationSyncCycleJob] Blocked types:  and types to download: Encryption Keys
2025-11-04 02:40:49.336: [INFO][Sync] Started DataTypeManager configuration, reason: 4
2025-11-04 02:40:49.336: [INFO][Sync] Configuring for: Bookmarks, Preferences, Passwords, Autofill Profiles, Autofill, Extensions, Sessions, Extension settings, History Delete Directives, Device Info, User Consents, Send Tab To Self, Web Apps, History, Saved Tab Group, WebAuthn Credentials, Collection, Edge E Drop, Edge Hub App Usage, Edge Wallet, Encryption Keys, reason: 3, current state: 0
2025-11-04 02:40:49.336: [WARN][Sync] Crypto error data types: Passwords, Autofill Profiles, Autofill
2025-11-04 02:40:49.338: [INFO][Sync] Configure, desired: Bookmarks, Preferences, Extensions, Sessions, Extension settings, History Delete Directives, Device Info, User Consents, Send Tab To Self, Web Apps, History, Saved Tab Group, WebAuthn Credentials, Collection, Edge E Drop, Edge Hub App Usage, Edge Wallet, Encryption Keys; Allow fail: Passwords, Autofill Profiles, Autofill
2025-11-04 02:40:49.338: [INFO][Sync] Loading: Bookmarks
2025-11-04 02:40:49.338: [INFO][Sync] Loading: Preferences
2025-11-04 02:40:49.338: [INFO][Sync] Loading: Extensions
2025-11-04 02:40:49.338: [INFO][Sync] Loading: Sessions
2025-11-04 02:40:49.338: [INFO][Sync] Loading: Extension settings
2025-11-04 02:40:49.338: [INFO][Sync] Loading: History Delete Directives
2025-11-04 02:40:49.338: [INFO][Sync] Loading: Device Info
2025-11-04 02:40:49.338: [INFO][Sync] Loading: User Consents
2025-11-04 02:40:49.338: [INFO][Sync] Loading: Send Tab To Self
2025-11-04 02:40:49.338: [INFO][Sync] Loading: Web Apps
2025-11-04 02:40:49.338: [INFO][Sync] Loading: History
2025-11-04 02:40:49.338: [INFO][Sync] Loading: Saved Tab Group
2025-11-04 02:40:49.338: [INFO][Sync] Loading: WebAuthn Credentials
2025-11-04 02:40:49.338: [INFO][Sync] Loading: Collection
2025-11-04 02:40:49.338: [INFO][Sync] Loading: Edge E Drop
2025-11-04 02:40:49.338: [INFO][Sync] Loading: Edge Hub App Usage
2025-11-04 02:40:49.338: [INFO][Sync] Loading: Edge Wallet
2025-11-04 02:40:49.341: [INFO][Sync] All data types are ready for configure.
2025-11-04 02:40:52.512: [INFO][Sync] Reset engine, reason: 0
2025-11-04 02:40:52.512: [INFO][Sync] Reset engine with reason: 0
2025-11-04 02:40:52.513: [INFO][SyncEngineBackend::DoStartConfiguration] Start configuration
2025-11-04 02:40:52.513: [INFO][SyncManagerImpl::NudgeForInitialDownload] Initial download nudge for Bookmarks
2025-11-04 02:40:52.513: [INFO][SyncManagerImpl::NudgeForInitialDownload] Initial download nudge for Preferences
2025-11-04 02:40:52.513: [INFO][SyncManagerImpl::NudgeForInitialDownload] Initial download nudge for Extensions
2025-11-04 02:40:52.513: [INFO][SyncManagerImpl::NudgeForInitialDownload] Initial download nudge for Sessions
2025-11-04 02:40:52.513: [INFO][SyncManagerImpl::NudgeForInitialDownload] Initial download nudge for Extension settings
2025-11-04 02:40:52.513: [INFO][SyncManagerImpl::NudgeForInitialDownload] Initial download nudge for History Delete Directives
2025-11-04 02:40:52.513: [INFO][SyncManagerImpl::NudgeForInitialDownload] Initial download nudge for Device Info
2025-11-04 02:40:52.513: [INFO][SyncManagerImpl::NudgeForInitialDownload] Initial download nudge for Send Tab To Self
2025-11-04 02:40:52.513: [INFO][SyncManagerImpl::NudgeForInitialDownload] Initial download nudge for Web Apps
2025-11-04 02:40:52.513: [INFO][SyncManagerImpl::NudgeForInitialDownload] Initial download nudge for History
2025-11-04 02:40:52.513: [INFO][SyncManagerImpl::NudgeForInitialDownload] Initial download nudge for Saved Tab Group
2025-11-04 02:40:52.513: [INFO][SyncManagerImpl::NudgeForInitialDownload] Initial download nudge for WebAuthn Credentials
2025-11-04 02:40:52.513: [INFO][SyncManagerImpl::NudgeForInitialDownload] Initial download nudge for Collection
2025-11-04 02:40:52.513: [INFO][SyncManagerImpl::NudgeForInitialDownload] Initial download nudge for Edge E Drop
2025-11-04 02:40:52.513: [INFO][SyncManagerImpl::NudgeForInitialDownload] Initial download nudge for Edge Hub App Usage
2025-11-04 02:40:52.513: [INFO][SyncManagerImpl::NudgeForInitialDownload] Initial download nudge for Edge Wallet
2025-11-04 02:40:52.513: [INFO][SyncManagerImpl::ConfigureSyncer] Types to download:  with reason: 3
2025-11-04 02:40:52.513: [INFO][SyncEngineBackend::DoFinishConfigureDataTypes] Failed to download types:  and succeeded types: 
2025-11-04 02:50:25.404: [INFO][Sync] SyncState after authenticated was: FeatureCanStart
2025-11-04 02:50:25.700: [INFO][Sync] Try to start sync engine
2025-11-04 02:50:25.701: [INFO][SyncManagerImpl::NudgeForInitialDownload] Initial download nudge for Encryption Keys
2025-11-04 02:50:25.702: [INFO][SyncEngineBackend::LoadAndConnectNigoriController] Load and connect Nigori controller
2025-11-04 02:50:25.702: [INFO][SyncEngineBackend::DoInitialize] Control Types added: Encryption Keys
2025-11-04 02:50:25.702: [INFO][SyncManagerImpl::ConfigureSyncer] Types to download: Encryption Keys with reason: 3
2025-11-04 02:50:25.702: [INFO][SyncSchedulerImpl::DoConfigurationSyncCycleJob] Configure job was blocked
2025-11-04 02:50:25.728: [INFO][SyncAuthManager::SetLastAuthError] Current auth error: None
2025-11-04 02:50:25.728: [INFO][SyncAuthManager::EdgeLogTokenErrorState] Token error with: None for account type: MSA
2025-11-04 02:50:25.728: [INFO][Sync] Credentials changed for: EdgeSyncScopeNew
2025-11-04 02:50:55.585: [INFO][SyncAuthManager::EdgeLogTokenErrorState] Token error with: The request runs exceeded the set maximum duration. for account type: MSA
2025-11-04 02:50:55.586: [INFO][Sync] Credentials changed for: EdgeSyncKeyDataScope
2025-11-04 02:50:55.586: [INFO][SyncEngineBackend::DoUpdateCredentials] Update credentials
2025-11-04 02:50:55.586: [INFO][SyncSchedulerImpl::DoConfigurationSyncCycleJob] Blocked types:  and types to download: Encryption Keys
2025-11-04 02:51:22.018: [INFO][Sync] Started DataTypeManager configuration, reason: 4
2025-11-04 02:51:22.018: [INFO][Sync] Configuring for: Bookmarks, Preferences, Passwords, Autofill Profiles, Autofill, Extensions, Sessions, Extension settings, History Delete Directives, Device Info, User Consents, Send Tab To Self, Web Apps, History, Saved Tab Group, WebAuthn Credentials, Collection, Edge E Drop, Edge Hub App Usage, Edge Wallet, Encryption Keys, reason: 4, current state: 0
2025-11-04 02:51:22.018: [WARN][Sync] Crypto error data types: Passwords, Autofill Profiles, Autofill
2025-11-04 02:51:22.018: [INFO][SyncEngineBackend::DoStartConfiguration] Start configuration
2025-11-04 02:51:22.022: [INFO][Sync] Configure, desired: Bookmarks, Preferences, Extensions, Sessions, Extension settings, History Delete Directives, Device Info, User Consents, Send Tab To Self, Web Apps, History, Saved Tab Group, WebAuthn Credentials, Collection, Edge E Drop, Edge Hub App Usage, Edge Wallet, Encryption Keys; Allow fail: Passwords, Autofill Profiles, Autofill
2025-11-04 02:51:22.022: [INFO][Sync] Loading: Bookmarks
2025-11-04 02:51:22.022: [INFO][Sync] Loading: Preferences
2025-11-04 02:51:22.022: [INFO][Sync] Loading: Extensions
2025-11-04 02:51:22.023: [INFO][Sync] Loading: Sessions
2025-11-04 02:51:22.023: [INFO][Sync] Loading: Extension settings
2025-11-04 02:51:22.023: [INFO][Sync] Loading: History Delete Directives
2025-11-04 02:51:22.023: [INFO][Sync] Loading: Device Info
2025-11-04 02:51:22.023: [INFO][Sync] Loading: User Consents
2025-11-04 02:51:22.023: [INFO][Sync] Loading: Send Tab To Self
2025-11-04 02:51:22.023: [INFO][Sync] Loading: Web Apps
2025-11-04 02:51:22.023: [INFO][Sync] Loading: History
2025-11-04 02:51:22.023: [INFO][Sync] Loading: Saved Tab Group
2025-11-04 02:51:22.023: [INFO][Sync] Loading: WebAuthn Credentials
2025-11-04 02:51:22.023: [INFO][Sync] Loading: Collection
2025-11-04 02:51:22.023: [INFO][Sync] Loading: Edge E Drop
2025-11-04 02:51:22.023: [INFO][Sync] Loading: Edge Hub App Usage
2025-11-04 02:51:22.023: [INFO][Sync] Loading: Edge Wallet
2025-11-04 02:51:22.030: [INFO][Sync] All data types are ready for configure.
2025-11-04 02:51:22.031: [INFO][SyncManagerImpl::NudgeForInitialDownload] Initial download nudge for Bookmarks
2025-11-04 02:51:22.031: [INFO][SyncManagerImpl::NudgeForInitialDownload] Initial download nudge for Preferences
2025-11-04 02:51:22.031: [INFO][SyncManagerImpl::NudgeForInitialDownload] Initial download nudge for Extensions
2025-11-04 02:51:22.031: [INFO][SyncManagerImpl::NudgeForInitialDownload] Initial download nudge for Sessions
2025-11-04 02:51:22.031: [INFO][SyncManagerImpl::NudgeForInitialDownload] Initial download nudge for Extension settings
2025-11-04 02:51:22.031: [INFO][SyncManagerImpl::NudgeForInitialDownload] Initial download nudge for History Delete Directives
2025-11-04 02:51:22.031: [INFO][SyncManagerImpl::NudgeForInitialDownload] Initial download nudge for Device Info
2025-11-04 02:51:22.031: [INFO][SyncManagerImpl::NudgeForInitialDownload] Initial download nudge for Send Tab To Self
2025-11-04 02:51:22.031: [INFO][SyncManagerImpl::NudgeForInitialDownload] Initial download nudge for Web Apps
2025-11-04 02:51:22.031: [INFO][SyncManagerImpl::NudgeForInitialDownload] Initial download nudge for History
2025-11-04 02:51:22.031: [INFO][SyncManagerImpl::NudgeForInitialDownload] Initial download nudge for Saved Tab Group
2025-11-04 02:51:22.031: [INFO][SyncManagerImpl::NudgeForInitialDownload] Initial download nudge for WebAuthn Credentials
2025-11-04 02:51:22.031: [INFO][SyncManagerImpl::NudgeForInitialDownload] Initial download nudge for Collection
2025-11-04 02:51:22.031: [INFO][SyncManagerImpl::NudgeForInitialDownload] Initial download nudge for Edge E Drop
2025-11-04 02:51:22.031: [INFO][SyncManagerImpl::NudgeForInitialDownload] Initial download nudge for Edge Hub App Usage
2025-11-04 02:51:22.031: [INFO][SyncManagerImpl::NudgeForInitialDownload] Initial download nudge for Edge Wallet
2025-11-04 02:51:22.031: [INFO][SyncManagerImpl::ConfigureSyncer] Types to download:  with reason: 4
2025-11-04 02:51:22.031: [INFO][SyncEngineBackend::DoFinishConfigureDataTypes] Failed to download types:  and succeeded types: 
2025-11-04 02:51:22.032: [INFO][Sync] ConfigurationDone, failed: , succeeded: , remaining count: 4
2025-11-04 02:51:22.032: [INFO][Sync] Prepare to configure types: Preferences, Device Info, Send Tab To Self, Edge E Drop, Encryption Keys
2025-11-04 02:51:22.032: [INFO][SyncManagerImpl::ConfigureSyncer] Types to download: Preferences, Device Info, Send Tab To Self, Edge E Drop, Encryption Keys with reason: 4
2025-11-04 02:51:22.032: [INFO][SyncSchedulerImpl::DoConfigurationSyncCycleJob] Blocked types:  and types to download: Preferences, Device Info, Send Tab To Self, Edge E Drop, Encryption Keys
2025-11-04 02:51:23.051: [INFO][SyncEngineBackend::DoFinishConfigureDataTypes] Failed to download types:  and succeeded types: Preferences, Device Info, Send Tab To Self, Edge E Drop, Encryption Keys
2025-11-04 02:51:23.054: [INFO][Sync] ConfigurationDone, failed: , succeeded: Preferences, Device Info, Send Tab To Self, Edge E Drop, Encryption Keys, remaining count: 3
2025-11-04 02:51:23.054: [INFO][Sync] Prepare to configure types: Bookmarks, Encryption Keys
2025-11-04 02:51:23.055: [INFO][SyncManagerImpl::ConfigureSyncer] Types to download: Bookmarks, Encryption Keys with reason: 4
2025-11-04 02:51:23.055: [INFO][SyncSchedulerImpl::DoConfigurationSyncCycleJob] Blocked types:  and types to download: Bookmarks, Encryption Keys
2025-11-04 02:51:24.058: [INFO][SyncEngineBackend::DoFinishConfigureDataTypes] Failed to download types:  and succeeded types: Bookmarks, Encryption Keys
2025-11-04 02:51:24.106: [INFO][Sync] ConfigurationDone, failed: , succeeded: Bookmarks, Encryption Keys, remaining count: 2
2025-11-04 02:51:24.106: [INFO][Sync] Prepare to configure types: Extensions, Sessions, Extension settings, History Delete Directives, Web Apps, Saved Tab Group, WebAuthn Credentials, Collection, Edge Hub App Usage, Edge Wallet, Encryption Keys
2025-11-04 02:51:24.106: [INFO][SyncManagerImpl::ConfigureSyncer] Types to download: Extensions, Sessions, Extension settings, History Delete Directives, Web Apps, Saved Tab Group, WebAuthn Credentials, Collection, Edge Hub App Usage, Edge Wallet, Encryption Keys with reason: 4
2025-11-04 02:51:24.106: [INFO][SyncSchedulerImpl::DoConfigurationSyncCycleJob] Blocked types:  and types to download: Extensions, Sessions, Extension settings, History Delete Directives, Web Apps, Saved Tab Group, WebAuthn Credentials, Collection, Edge Hub App Usage, Edge Wallet, Encryption Keys
2025-11-04 02:51:25.598: [INFO][SyncAuthManager::EdgeLogTokenErrorState] Token error with: The request runs exceeded the set maximum duration. for account type: MSA
2025-11-04 02:51:25.598: [INFO][Sync] Credentials changed for: EdgeSyncKeyDataScope
2025-11-04 02:51:46.080: [INFO][SyncEngineBackend::DoFinishConfigureDataTypes] Failed to download types:  and succeeded types: Extensions, Sessions, Extension settings, History Delete Directives, Web Apps, Saved Tab Group, WebAuthn Credentials, Collection, Edge Hub App Usage, Edge Wallet, Encryption Keys
2025-11-04 02:51:46.083: [INFO][Sync] ConfigurationDone, failed: , succeeded: Extensions, Sessions, Extension settings, History Delete Directives, Web Apps, Saved Tab Group, WebAuthn Credentials, Collection, Edge Hub App Usage, Edge Wallet, Encryption Keys, remaining count: 1
2025-11-04 02:51:46.086: [INFO][Sync] Prepare to configure types: History, Encryption Keys
2025-11-04 02:51:46.086: [INFO][SyncManagerImpl::ConfigureSyncer] Types to download: History, Encryption Keys with reason: 4
2025-11-04 02:51:46.086: [INFO][SyncSchedulerImpl::DoConfigurationSyncCycleJob] Blocked types:  and types to download: History, Encryption Keys
2025-11-04 02:51:47.105: [INFO][SyncEngineBackend::DoFinishConfigureDataTypes] Failed to download types:  and succeeded types: History, Encryption Keys
2025-11-04 02:51:47.108: [INFO][Sync] ConfigurationDone, failed: , succeeded: History, Encryption Keys, remaining count: 0
2025-11-04 02:51:47.111: [INFO][Sync]     Configuration completed, state: 3
2025-11-04 02:51:47.112: [INFO][Sync] Configured DataTypeManager: Ok
2025-11-04 02:51:47.116: [INFO][SyncEngineBackend::DoStartSyncing] Start syncing
2025-11-04 02:51:55.606: [INFO][SyncAuthManager::EdgeLogTokenErrorState] Token error with: The request runs exceeded the set maximum duration. for account type: MSA
2025-11-04 02:51:55.606: [INFO][Sync] Credentials changed for: EdgeSyncKeyDataScope
2025-11-04 02:52:02.211: [INFO][SyncAuthManager::SetLastAuthError] Current auth error: None
2025-11-04 02:52:02.211: [INFO][SyncAuthManager::EdgeLogTokenErrorState] Token error with: None for account type: MSA
2025-11-04 02:52:02.211: [INFO][Sync] Credentials changed for: EdgeSyncKeyDataScope
2025-11-04 02:52:38.988: [INFO][SyncEngineBackend::DoUpdateKeyDataCredentials] Update key data credentials
2025-11-04 02:52:42.782: [INFO][Sync] Reset engine, reason: 0
2025-11-04 02:52:42.782: [INFO][Sync] Reset engine with reason: 0
2025-11-04 02:53:12.354: [INFO][Sync] SyncState after authenticated was: FeatureCanStart
2025-11-04 02:53:12.690: [INFO][Sync] Try to start sync engine
2025-11-04 02:53:12.691: [INFO][SyncManagerImpl::NudgeForInitialDownload] Initial download nudge for Encryption Keys
2025-11-04 02:53:12.691: [INFO][SyncEngineBackend::LoadAndConnectNigoriController] Load and connect Nigori controller
2025-11-04 02:53:12.691: [INFO][SyncEngineBackend::DoInitialize] Control Types added: Encryption Keys
2025-11-04 02:53:12.691: [INFO][SyncManagerImpl::ConfigureSyncer] Types to download: Encryption Keys with reason: 3
2025-11-04 02:53:12.691: [INFO][SyncSchedulerImpl::DoConfigurationSyncCycleJob] Configure job was blocked
2025-11-04 02:53:12.734: [INFO][SyncAuthManager::SetLastAuthError] Current auth error: None
2025-11-04 02:53:12.734: [INFO][SyncAuthManager::EdgeLogTokenErrorState] Token error with: None for account type: MSA
2025-11-04 02:53:12.734: [INFO][Sync] Credentials changed for: EdgeSyncScopeNew
2025-11-04 02:53:34.391: [INFO][SyncAuthManager::SetLastAuthError] Current auth error: None
2025-11-04 02:53:34.391: [INFO][SyncAuthManager::EdgeLogTokenErrorState] Token error with: None for account type: MSA
2025-11-04 02:53:34.391: [INFO][Sync] Credentials changed for: EdgeSyncKeyDataScope
2025-11-04 02:53:34.391: [INFO][SyncEngineBackend::DoUpdateKeyDataCredentials] Update key data credentials
2025-11-04 02:53:34.391: [INFO][SyncEngineBackend::DoUpdateCredentials] Update credentials
2025-11-04 02:53:34.391: [INFO][SyncSchedulerImpl::DoConfigurationSyncCycleJob] Blocked types:  and types to download: Encryption Keys
2025-11-04 02:56:25.653: [INFO][Sync] SyncState after authenticated was: FeatureCanStart
2025-11-04 02:56:25.977: [INFO][Sync] Try to start sync engine
2025-11-04 02:56:25.979: [INFO][SyncManagerImpl::NudgeForInitialDownload] Initial download nudge for Encryption Keys
2025-11-04 02:56:25.979: [INFO][SyncEngineBackend::LoadAndConnectNigoriController] Load and connect Nigori controller
2025-11-04 02:56:25.979: [INFO][SyncEngineBackend::DoInitialize] Control Types added: Encryption Keys
2025-11-04 02:56:25.979: [INFO][SyncManagerImpl::ConfigureSyncer] Types to download: Encryption Keys with reason: 3
2025-11-04 02:56:25.979: [INFO][SyncSchedulerImpl::DoConfigurationSyncCycleJob] Configure job was blocked
2025-11-04 02:56:26.032: [INFO][SyncAuthManager::SetLastAuthError] Current auth error: None
2025-11-04 02:56:26.032: [INFO][SyncAuthManager::EdgeLogTokenErrorState] Token error with: None for account type: MSA
2025-11-04 02:56:26.032: [INFO][Sync] Credentials changed for: EdgeSyncScopeNew
2025-11-04 02:56:34.654: [INFO][SyncAuthManager::SetLastAuthError] Current auth error: None
2025-11-04 02:56:34.654: [INFO][SyncAuthManager::EdgeLogTokenErrorState] Token error with: None for account type: MSA
2025-11-04 02:56:34.654: [INFO][Sync] Credentials changed for: EdgeSyncKeyDataScope
2025-11-04 02:56:34.654: [INFO][SyncEngineBackend::DoUpdateKeyDataCredentials] Update key data credentials
2025-11-04 02:56:34.654: [INFO][SyncEngineBackend::DoUpdateCredentials] Update credentials
2025-11-04 02:56:34.654: [INFO][SyncSchedulerImpl::DoConfigurationSyncCycleJob] Blocked types:  and types to download: Encryption Keys
2025-11-04 03:30:20.423: [INFO][Sync] SyncState after authenticated was: FeatureCanStart
2025-11-04 03:30:20.748: [INFO][Sync] Try to start sync engine
2025-11-04 03:30:20.749: [INFO][SyncManagerImpl::NudgeForInitialDownload] Initial download nudge for Encryption Keys
2025-11-04 03:30:20.749: [INFO][SyncEngineBackend::LoadAndConnectNigoriController] Load and connect Nigori controller
2025-11-04 03:30:20.749: [INFO][SyncEngineBackend::DoInitialize] Control Types added: Encryption Keys
2025-11-04 03:30:20.749: [INFO][SyncManagerImpl::ConfigureSyncer] Types to download: Encryption Keys with reason: 3
2025-11-04 03:30:20.749: [INFO][SyncSchedulerImpl::DoConfigurationSyncCycleJob] Configure job was blocked
2025-11-04 03:30:20.790: [INFO][SyncAuthManager::SetLastAuthError] Current auth error: None
2025-11-04 03:30:20.790: [INFO][SyncAuthManager::EdgeLogTokenErrorState] Token error with: None for account type: MSA
2025-11-04 03:30:20.790: [INFO][Sync] Credentials changed for: EdgeSyncScopeNew
2025-11-04 03:30:23.161: [INFO][SyncAuthManager::SetLastAuthError] Current auth error: None
2025-11-04 03:30:23.161: [INFO][SyncAuthManager::EdgeLogTokenErrorState] Token error with: None for account type: MSA
2025-11-04 03:30:23.161: [INFO][Sync] Credentials changed for: EdgeSyncKeyDataScope
2025-11-04 03:30:23.161: [INFO][SyncEngineBackend::DoUpdateKeyDataCredentials] Update key data credentials
2025-11-04 03:30:23.161: [INFO][SyncEngineBackend::DoUpdateCredentials] Update credentials
2025-11-04 03:30:23.161: [INFO][SyncSchedulerImpl::DoConfigurationSyncCycleJob] Blocked types:  and types to download: Encryption Keys
2025-11-04 03:30:23.948: [INFO][Sync] Started DataTypeManager configuration, reason: 4
2025-11-04 03:30:23.948: [INFO][Sync] Configuring for: Bookmarks, Preferences, Passwords, Autofill Profiles, Autofill, Extensions, Sessions, Extension settings, History Delete Directives, Device Info, User Consents, Send Tab To Self, Web Apps, History, Saved Tab Group, WebAuthn Credentials, Collection, Edge E Drop, Edge Hub App Usage, Edge Wallet, Encryption Keys, reason: 4, current state: 0
2025-11-04 03:30:23.948: [WARN][Sync] Crypto error data types: Passwords, Autofill Profiles, Autofill
2025-11-04 03:30:23.949: [INFO][Sync] Configure, desired: Bookmarks, Preferences, Extensions, Sessions, Extension settings, History Delete Directives, Device Info, User Consents, Send Tab To Self, Web Apps, History, Saved Tab Group, WebAuthn Credentials, Collection, Edge E Drop, Edge Hub App Usage, Edge Wallet, Encryption Keys; Allow fail: Passwords, Autofill Profiles, Autofill
2025-11-04 03:30:23.949: [INFO][Sync] Loading: Bookmarks
2025-11-04 03:30:23.949: [INFO][Sync] Loading: Preferences
2025-11-04 03:30:23.949: [INFO][Sync] Loading: Extensions
2025-11-04 03:30:23.949: [INFO][Sync] Loading: Sessions
2025-11-04 03:30:23.949: [INFO][Sync] Loading: Extension settings
2025-11-04 03:30:23.949: [INFO][Sync] Loading: History Delete Directives
2025-11-04 03:30:23.949: [INFO][Sync] Loading: Device Info
2025-11-04 03:30:23.949: [INFO][Sync] Loading: User Consents
2025-11-04 03:30:23.949: [INFO][Sync] Loading: Send Tab To Self
2025-11-04 03:30:23.949: [INFO][Sync] Loading: Web Apps
2025-11-04 03:30:23.949: [INFO][Sync] Loading: History
2025-11-04 03:30:23.949: [INFO][Sync] Loading: Saved Tab Group
2025-11-04 03:30:23.949: [INFO][Sync] Loading: WebAuthn Credentials
2025-11-04 03:30:23.949: [INFO][Sync] Loading: Collection
2025-11-04 03:30:23.949: [INFO][Sync] Loading: Edge E Drop
2025-11-04 03:30:23.949: [INFO][Sync] Loading: Edge Hub App Usage
2025-11-04 03:30:23.949: [INFO][Sync] Loading: Edge Wallet
2025-11-04 03:30:23.954: [INFO][Sync] All data types are ready for configure.
2025-11-04 03:30:32.202: [INFO][Sync] Started DataTypeManager configuration, reason: 5
2025-11-04 03:30:32.202: [INFO][Sync] Configuring for: Bookmarks, Preferences, Passwords, Autofill Profiles, Autofill, Extensions, Sessions, Extension settings, History Delete Directives, Device Info, User Consents, Send Tab To Self, Web Apps, History, Saved Tab Group, WebAuthn Credentials, Collection, Edge E Drop, Edge Hub App Usage, Edge Wallet, Encryption Keys, reason: 5, current state: 1
2025-11-04 03:30:32.204: [INFO][SyncEngineBackend::DoStartConfiguration] Start configuration
2025-11-04 03:30:32.204: [INFO][SyncManagerImpl::ConfigureSyncer] Types to download:  with reason: 4
2025-11-04 03:30:32.204: [INFO][SyncEngineBackend::DoFinishConfigureDataTypes] Failed to download types:  and succeeded types: 
2025-11-04 03:30:32.210: [INFO][Sync] ConfigurationDone, failed: , succeeded: , remaining count: 4
2025-11-04 03:30:32.210: [WARN][Sync]     Reconfigure requested while configuration ongoing.
2025-11-04 03:30:32.210: [INFO][Sync] Configuring for: Bookmarks, Preferences, Passwords, Autofill Profiles, Autofill, Extensions, Sessions, Extension settings, History Delete Directives, Device Info, User Consents, Send Tab To Self, Web Apps, History, Saved Tab Group, WebAuthn Credentials, Collection, Edge E Drop, Edge Hub App Usage, Edge Wallet, Encryption Keys, reason: 5, current state: 2
2025-11-04 03:30:32.211: [INFO][Sync] Configure, desired: Bookmarks, Preferences, Passwords, Autofill Profiles, Autofill, Extensions, Sessions, Extension settings, History Delete Directives, Device Info, User Consents, Send Tab To Self, Web Apps, History, Saved Tab Group, WebAuthn Credentials, Collection, Edge E Drop, Edge Hub App Usage, Edge Wallet, Encryption Keys; Allow fail: 
2025-11-04 03:30:32.211: [INFO][Sync] Loading: Passwords
2025-11-04 03:30:32.211: [INFO][Sync] Loading: Autofill Profiles
2025-11-04 03:30:32.211: [INFO][Sync] Loading: Autofill
2025-11-04 03:30:32.212: [INFO][Sync] All data types are ready for configure.
2025-11-04 03:30:32.212: [INFO][SyncManagerImpl::NudgeForInitialDownload] Initial download nudge for Passwords
2025-11-04 03:30:32.212: [INFO][SyncManagerImpl::NudgeForInitialDownload] Initial download nudge for Autofill Profiles
2025-11-04 03:30:32.212: [INFO][SyncManagerImpl::NudgeForInitialDownload] Initial download nudge for Autofill
2025-11-04 03:30:32.212: [INFO][SyncManagerImpl::ConfigureSyncer] Types to download:  with reason: 5
2025-11-04 03:30:32.212: [INFO][SyncEngineBackend::DoFinishConfigureDataTypes] Failed to download types:  and succeeded types: 
2025-11-04 03:30:32.212: [INFO][Sync] ConfigurationDone, failed: , succeeded: , remaining count: 4
2025-11-04 03:30:32.212: [INFO][Sync] Prepare to configure types: Passwords, Encryption Keys
2025-11-04 03:30:32.212: [INFO][SyncManagerImpl::ConfigureSyncer] Types to download: Passwords, Encryption Keys with reason: 5
2025-11-04 03:30:32.212: [INFO][SyncSchedulerImpl::DoConfigurationSyncCycleJob] Blocked types:  and types to download: Passwords, Encryption Keys
2025-11-04 03:30:33.027: [INFO][SyncEngineBackend::DoFinishConfigureDataTypes] Failed to download types:  and succeeded types: Passwords, Encryption Keys
2025-11-04 03:30:33.030: [INFO][Sync] ConfigurationDone, failed: , succeeded: Passwords, Encryption Keys, remaining count: 3
2025-11-04 03:30:33.030: [INFO][SyncManagerImpl::ConfigureSyncer] Types to download:  with reason: 5
2025-11-04 03:30:33.030: [INFO][SyncEngineBackend::DoFinishConfigureDataTypes] Failed to download types:  and succeeded types: 
2025-11-04 03:30:33.034: [INFO][Sync] ConfigurationDone, failed: , succeeded: , remaining count: 2
2025-11-04 03:30:33.034: [INFO][Sync] Prepare to configure types: Autofill Profiles, Autofill, Encryption Keys
2025-11-04 03:30:33.034: [INFO][SyncManagerImpl::ConfigureSyncer] Types to download: Autofill Profiles, Autofill, Encryption Keys with reason: 5
2025-11-04 03:30:33.034: [INFO][SyncSchedulerImpl::DoConfigurationSyncCycleJob] Blocked types:  and types to download: Autofill Profiles, Autofill, Encryption Keys
2025-11-04 03:30:33.289: [INFO][SyncEngineBackend::DoFinishConfigureDataTypes] Failed to download types:  and succeeded types: Autofill Profiles, Autofill, Encryption Keys
2025-11-04 03:30:33.291: [INFO][Sync] ConfigurationDone, failed: , succeeded: Autofill Profiles, Autofill, Encryption Keys, remaining count: 1
2025-11-04 03:30:33.294: [INFO][SyncManagerImpl::ConfigureSyncer] Types to download:  with reason: 5
2025-11-04 03:30:33.294: [INFO][SyncEngineBackend::DoFinishConfigureDataTypes] Failed to download types:  and succeeded types: 
2025-11-04 03:30:33.294: [INFO][Sync] ConfigurationDone, failed: , succeeded: , remaining count: 0
2025-11-04 03:30:33.297: [INFO][Sync]     Configuration completed, state: 7
2025-11-04 03:30:33.297: [INFO][Sync] Configured DataTypeManager: Ok
2025-11-04 03:30:33.299: [INFO][SyncEngineBackend::DoStartSyncing] Start syncing
2025-11-04 03:31:27.351: [INFO][Sync] Reset engine, reason: 0
2025-11-04 03:31:27.351: [INFO][Sync] Reset engine with reason: 0
